FakeTaxsi/app/build/intermediates/manifest_merge_blame_file/debug/manifest-merger-blame-debug-report.txt
1<?xml version="1.0" encoding="utf-8"?>
2<manifest xmlns:android="http://schemas.android.com/apk/res/android"
3    package="com.example.faketaxsi"
4    android:versionCode="1"
5    android:versionName="1.0" >
6
7    <uses-sdk
8        android:minSdkVersion="21"
8-->src/main/AndroidManifest.xml
9        android:targetSdkVersion="29" />
9-->src/main/AndroidManifest.xml
10
11    <!--
12         The ACCESS_COARSE/FINE_LOCATION permissions are not required to use
13         Google Maps Android API v2, but you must specify either coarse or fine
14         location permissions for the 'MyLocation' functionality.
15    -->
16    <uses-permission android:name="android.permission.ACCESS_FINE_LOCATION" />
16-->src/main/AndroidManifest.xml:11:5-79
16-->src/main/AndroidManifest.xml:11:22-76
17    <uses-permission android:name="android.permission.ACCESS_COARSE_LOCATION" />
17-->src/main/AndroidManifest.xml:12:5-81
17-->src/main/AndroidManifest.xml:12:22-78
18    <uses-permission android:name="android.permission.INTERNET" />
18-->src/main/AndroidManifest.xml:13:5-67
18-->src/main/AndroidManifest.xml:13:22-64
19    <uses-permission android:name="android.permission.READ_EXTERNAL_STORAGE" />
19-->src/main/AndroidManifest.xml:14:5-80
19-->src/main/AndroidManifest.xml:14:22-77
20    <uses-permission android:name="android.permission.WRITE_EXTERNAL_STORAGE" />
20-->src/main/AndroidManifest.xml:15:5-81
20-->src/main/AndroidManifest.xml:15:22-78
21    <uses-permission android:name="android.permission.ACCESS_NETWORK_STATE" />
21-->[heresdk-lite-android-4.1.2.0.793.aar] AndroidManifest.xml:11:5-79
21-->[heresdk-lite-android-4.1.2.0.793.aar] AndroidManifest.xml:11:22-76
22
23    <uses-feature
23-->[com.google.android.gms:play-services-maps:17.0.0] AndroidManifest.xml:26:5-28:35
24        android:glEsVersion="0x00020000"
24-->[com.google.android.gms:play-services-maps:17.0.0] AndroidManifest.xml:27:9-41
25        android:required="true" />
25-->[com.google.android.gms:play-services-maps:17.0.0] AndroidManifest.xml:28:9-32
26
27    <application
27-->src/main/AndroidManifest.xml:17:5-49:19
28        android:allowBackup="true"
28-->src/main/AndroidManifest.xml:18:9-35
29        android:appComponentFactory="androidx.core.app.CoreComponentFactory"
29-->[androidx.core:core:1.1.0] AndroidManifest.xml:24:18-86
30        android:debuggable="true"
31        android:icon="@mipmap/ic_launcher"
31-->src/main/AndroidManifest.xml:19:9-43
32        android:label="@string/app_name"
32-->src/main/AndroidManifest.xml:20:9-41
33        android:roundIcon="@mipmap/ic_launcher_round"
33-->src/main/AndroidManifest.xml:21:9-54
34        android:supportsRtl="true"
34-->src/main/AndroidManifest.xml:22:9-35
35        android:testOnly="true"
36        android:theme="@style/AppTheme" >
36-->src/main/AndroidManifest.xml:23:9-40
37
38        <!--
39             The API key for Google Maps-based APIs is defined as a string resource.
40             (See the file "res/values/google_maps_api.xml").
41             Note that the API key is linked to the encryption key used to sign the APK.
42             You need a different API key for each encryption key, including the release key that is used to
43             sign the APK for publishing.
44             You can define the keys for the debug and release targets in src/debug/ and src/release/.
45        -->
46        <meta-data
46-->src/main/AndroidManifest.xml:34:9-108
47            android:name="com.google.android.geo.API_KEY"
47-->src/main/AndroidManifest.xml:34:20-65
48            android:value="@string/google_maps_key" />
48-->src/main/AndroidManifest.xml:34:66-105
49        <meta-data
49-->src/main/AndroidManifest.xml:36:9-103
50            android:name="com.here.sdk.access_key_id"
50-->src/main/AndroidManifest.xml:36:20-61
51            android:value="YWW0whSZFBM20zG1SBY_8g" />
51-->src/main/AndroidManifest.xml:36:62-100
52        <meta-data
52-->src/main/AndroidManifest.xml:37:9-171
53            android:name="com.here.sdk.access_key_secret"
53-->src/main/AndroidManifest.xml:37:20-65
54            android:value="q0vxpraZzhMNWktKk4F5fXdOzrgxBCiXN-UL5tJkDT2tv938cP2liODL0IM-_zPhqHPPop_eG5903U6pZJyFnA" />
54-->src/main/AndroidManifest.xml:37:66-168
55
56        <activity
56-->src/main/AndroidManifest.xml:39:9-48:20
57            android:name="com.example.faketaxsi.MapsActivity"
57-->src/main/AndroidManifest.xml:40:13-41
58            android:label="@string/title_activity_maps"
58-->src/main/AndroidManifest.xml:41:13-56
59            android:theme="@style/AppTheme.NoActionBar" >
59-->src/main/AndroidManifest.xml:42:13-56
60            <intent-filter>
60-->src/main/AndroidManifest.xml:43:13-47:29
61                <action android:name="android.intent.action.MAIN" />
61-->src/main/AndroidManifest.xml:44:17-69
61-->src/main/AndroidManifest.xml:44:25-66
62
63                <category android:name="android.intent.category.LAUNCHER" />
63-->src/main/AndroidManifest.xml:46:17-77
63-->src/main/AndroidManifest.xml:46:27-74
64            </intent-filter>
65        </activity>
66
67        <provider
67-->[heresdk-lite-android-4.1.2.0.793.aar] AndroidManifest.xml:17:9-20:40
68            android:name="com.here.sdk.engine.InitProvider"
68-->[heresdk-lite-android-4.1.2.0.793.aar] AndroidManifest.xml:18:13-60
69            android:authorities="com.example.faketaxsi.com.here.sdk.engine.InitProvider"
69-->[heresdk-lite-android-4.1.2.0.793.aar] AndroidManifest.xml:19:13-84
70            android:exported="false" /> <!-- Needs to be explicitly declared on P+ -->
70-->[heresdk-lite-android-4.1.2.0.793.aar] AndroidManifest.xml:20:13-37
71        <uses-library
71-->[com.google.android.gms:play-services-maps:17.0.0] AndroidManifest.xml:33:9-35:40
72            android:name="org.apache.http.legacy"
72-->[com.google.android.gms:play-services-maps:17.0.0] AndroidManifest.xml:34:13-50
73            android:required="false" />
73-->[com.google.android.gms:play-services-maps:17.0.0] AndroidManifest.xml:35:13-37
74
75        <activity
75-->[com.google.android.gms:play-services-base:17.0.0] AndroidManifest.xml:23:9-26:75
76            android:name="com.google.android.gms.common.api.GoogleApiActivity"
76-->[com.google.android.gms:play-services-base:17.0.0] AndroidManifest.xml:24:13-79
77            android:exported="false"
77-->[com.google.android.gms:play-services-base:17.0.0] AndroidManifest.xml:25:13-37
78            android:theme="@android:style/Theme.Translucent.NoTitleBar" />
78-->[com.google.android.gms:play-services-base:17.0.0] AndroidManifest.xml:26:13-72
79
80        <meta-data
80-->[com.google.android.gms:play-services-basement:17.0.0] AndroidManifest.xml:23:9-25:69
81            android:name="com.google.android.gms.version"
81-->[com.google.android.gms:play-services-basement:17.0.0] AndroidManifest.xml:24:13-58
82            android:value="@integer/google_play_services_version" />
82-->[com.google.android.gms:play-services-basement:17.0.0] AndroidManifest.xml:25:13-66
83    </application>
84
85</manifest>